c:\users\hmark\documents\uni final year\semester 2\cab401\submission\genesimilarimprovedslow\genesimilar\x64\release\vc143.pdb
c:\users\hmark\documents\uni final year\semester 2\cab401\submission\genesimilarimprovedslow\genesimilar\x64\release\genesimilar.obj
c:\users\hmark\documents\uni final year\semester 2\cab401\submission\genesimilarimprovedslow\genesimilar\x64\release\genesimilar.exe
c:\users\hmark\documents\uni final year\semester 2\cab401\submission\genesimilarimprovedslow\genesimilar\x64\release\genesimilar.pdb
c:\users\hmark\documents\uni final year\semester 2\cab401\submission\genesimilarimprovedslow\genesimilar\x64\release\genesimilar.ipdb
c:\users\hmark\documents\uni final year\semester 2\cab401\submission\genesimilarimprovedslow\genesimilar\x64\release\genesimilar.iobj
c:\users\hmark\documents\uni final year\semester 2\cab401\submission\genesimilarimprovedsequential\genesimilar\x64\release\genesimilar.obj
c:\users\hmark\documents\uni final year\semester 2\cab401\submission\genesimilarimprovedsequential\genesimilar\x64\release\genesimilar.ipdb
c:\users\hmark\documents\uni final year\semester 2\cab401\submission\genesimilarimprovedsequential\genesimilar\x64\release\genesimilar.iobj
c:\users\hmark\documents\uni final year\semester 2\cab401\submission\genesimilarimprovedsequential\genesimilar\x64\release\genesimilar.pdb
c:\users\hmark\documents\uni final year\semester 2\cab401\submission\genesimilarimprovedsequential\genesimilar\x64\release\vc143.pdb
c:\users\hmark\documents\uni final year\semester 2\cab401\submission\genesimilarimprovedsequential\genesimilar\x64\release\genesimilar.exe
c:\users\hmark\documents\uni final year\semester 2\cab401\submission\genesimilarimprovedsequential\genesimilar\x64\release\genesimilar.tlog\cl.command.1.tlog
c:\users\hmark\documents\uni final year\semester 2\cab401\submission\genesimilarimprovedsequential\genesimilar\x64\release\genesimilar.tlog\cl.items.tlog
c:\users\hmark\documents\uni final year\semester 2\cab401\submission\genesimilarimprovedsequential\genesimilar\x64\release\genesimilar.tlog\cl.read.1.tlog
c:\users\hmark\documents\uni final year\semester 2\cab401\submission\genesimilarimprovedsequential\genesimilar\x64\release\genesimilar.tlog\cl.write.1.tlog
c:\users\hmark\documents\uni final year\semester 2\cab401\submission\genesimilarimprovedsequential\genesimilar\x64\release\genesimilar.tlog\link.command.1.tlog
c:\users\hmark\documents\uni final year\semester 2\cab401\submission\genesimilarimprovedsequential\genesimilar\x64\release\genesimilar.tlog\link.read.1.tlog
c:\users\hmark\documents\uni final year\semester 2\cab401\submission\genesimilarimprovedsequential\genesimilar\x64\release\genesimilar.tlog\link.write.1.tlog
c:\users\hmark\documents\uni final year\semester 2\cab401\submission\genesimilarimprovedsequential\genesimilar\x64\release\genesimilar.tlog\link.write.2u.tlog
